0.048189 80
0.000256 59
0.938608 1
0.135723 1
0.150689 1
0.194862 1
0.317129 2
0.007095 46
0.000097 6
0.000493 21
0.144920 245
0.000041 125
0.000028 60
0.000018 131
0.000019 107
0.000010 23
0.000020 66
0.000076 203
0.000025 147
0.000017 158
0.000022 160
0.000027 171
0.000028 151
0.000029 162
0.000024 157
0.000028 158
0.000028 172
0.000024 235
0.000027 165
0.000029 176
0.000029 171
0.000027 175
0.000027 136
0.000029 166
0.000029 177
0.000051 354
0.000010 177
0.000023 177
0.000026 177
0.000029 172
0.000028 157
0.000028 158
0.000027 145
0.000027 156
0.000027 151
0.000029 154
0.000029 165
0.000027 160
0.000029 170
0.000027 167
0.000027 146
0.000028 157
0.000026 152
0.000034 215
0.000026 226
0.000033 221
0.000026 159
0.000029 170
0.000025 165
0.000025 147
0.000022 92
0.000026 174
0.000024 210
0.000023 118
0.000023 129
0.000022 124
0.000025 134
0.000025 145
0.000022 139
0.000037 325
0.441446 248
0.500695 178
0.000075 126
0.031770 167
0.000094 112
0.033011 169
0.000040 123
0.032868 180
0.000108 114
0.033455 171
0.000104 114
0.032891 171
0.000107 114
0.032933 265
0.032425 291
0.033246 181
0.000260 187
0.032686 242
0.000084 128
0.033442 185
0.000105 128
0.033893 185
0.000040 128
0.032089 169
0.000095 127
0.032109 184
0.000107 120
0.034095 145
0.000314 129
0.032015 186
0.000086 129
0.032103 220
0.000040 129
0.063681 126
0.000027 21
0.000155 270
0.000020 129
0.001478 315
0.035031 186
0.000066 129
0.031662 186
0.000154 129
0.032956 186
0.000088 129
0.033566 5
0.000092 165
0.000048 95
0.000040 14
0.032216 5
0.000074 161
0.000109 110
0.035239 5
0.000046 162
0.000044 108
0.030965 165
0.000090 108
0.032387 165
0.000085 108
0.033446 149
0.000049 117
0.034104 174
0.000046 117
0.032932 5
0.000151 286
0.032043 158
0.000053 122
0.033954 179
0.000109 119
0.031910 176
0.000041 109
0.033038 5
0.000054 161
0.000415 109
0.031905 166
0.000115 109
0.040678 5
0.000353 323
0.026944 235
0.000128 178
0.031270 235
0.000079 178
0.033557 219
0.000103 122
0.032190 179
0.000073 122
0.032930 179
0.000111 122
0.033695 163
0.000079 124
0.031636 243
0.000056 14
0.033896 252
0.032766 183
0.000070 187
0.034603 217
0.000133 106
0.030082 29
0.000049 144
0.000041 106
0.158109 244
0.524331 159
0.000019 64
0.000042 181
0.000037 144
0.007917 145
0.000019 225
0.033716 95
0.000047 189
0.033909 225
0.032756 116
0.000069 162
0.032001 285
0.033027 116
0.000053 185
0.035526 172
0.000087 185
0.030691 172
0.000195 225
0.033181 172
0.000050 241
0.032088 103
0.000083 241
0.034155 28
0.000118 261
0.032221 103
0.000143 172
0.033020 113
0.000047 172
0.033002 116
0.000051 182
0.032309 111
0.000065 185
0.039162 111
0.000073 164
0.026627 111
0.000065 180
0.033243 102
0.000066 180
0.033848 102
0.000119 155
0.031559 102
0.000069 171
0.033338 104
0.000038 171
0.031382 103
0.000072 173
0.035420 123
0.000183 172
0.035046 123
0.000063 176
0.034870 123
0.000074 192
0.028157 123
0.000064 192
0.033232 123
0.000068 192
0.029950 123
0.000175 192
0.034910 123
0.000081 192
0.032747 123
0.000183 192
0.035186 114
0.000070 192
0.030763 5
0.000040 116
0.000081 151
0.033789 122
0.000109 190
0.037738 158
0.000092 175
0.031063 122
0.000052 191
0.029370 179
0.000052 191
0.461588 65
0.001888 80
0.000200 59
1.189876 1
0.153997 1
0.198172 2
0.004867 45
0.000497 16
0.000153 1
0.040927 12
0.040661 72
0.000095 1
0.040672 46
0.000059 15
0.000047 23
0.000209 2
0.040714 18
0.000049 11
0.000090 7
0.000017 16
0.000029 11
0.000010 30
0.040796 34
0.000061 7
0.000027 6
0.000036 20
0.000071 31
0.040672 53
0.000042 6
0.000419 38
0.040268 47
0.000020 13
0.000011 5
0.000137 40
0.040554 12
0.000046 11
0.000066 12
0.000067 7
0.000097 6
0.000036 5
0.000033 5
0.000133 23
0.040894 34
0.000058 12
0.000081 33
0.000150 43
0.000037 20
0.040772 44
0.000043 13
0.000027 7
0.000165 59
0.040715 33
0.000056 13
0.000225 78
0.000169 23
0.040553 20
0.000051 56
0.000027 20
0.000330 81
0.040719 31
0.000047 23
0.000123 20
0.000087 33
0.000027 13
0.000110 11
0.040686 35
0.000042 18
0.000042 9
0.000201 29
0.000161 48
0.040662 50
0.000056 13
0.000039 16
0.000317 106
0.040459 59
0.000044 47
0.000151 68
0.000030 23
0.000031 4
0.040821 33
0.000064 10
0.000201 27
0.000107 37
0.000035 45
0.000027 28
0.000027 16
0.040697 41
0.000045 23
0.000191 18
0.000096 24
0.000029 18
0.000083 50
0.040625 14
0.000236 32
0.000036 5
0.000174 17
0.000076 22
0.000073 3
0.000039 64
0.000030 27
0.000084 44
0.000033 28
0.000074 46
0.040820 36
0.000083 31
0.000098 55
0.000074 76
0.000067 19
0.040789 36
0.000046 31
0.000179 110
0.000104 32
0.040732 20
0.000052 16
0.000114 54
0.000106 59
0.000080 15
0.000030 44
0.000079 33
0.040773 78
0.000203 11
0.000036 11
0.000292 133
0.000036 67
0.000028 22
0.040736 20
0.000052 16
0.000185 61
0.000088 30
0.000077 26
0.000058 45
0.000032 11
0.040781 36
0.000040 18
0.000040 13
0.000193 120
0.000076 58
0.040775 35
0.000148 48
0.000145 43
0.000080 30
0.000036 15
0.000034 47
0.000066 59
0.040794 46
0.000094 31
0.000162 4
0.000042 19
0.000094 15
0.000068 17
0.000072 5
0.000065 52
0.000060 21
0.000036 31
0.000053 36
0.000046 38
0.040569 86
0.000018 65
0.000085 124
0.040650 52
0.000047 18
0.000161 141
0.000057 68
0.040737 20
0.000117 15
0.000112 25
0.000055 13
0.000065 39
0.000070 65
0.000071 51
0.000032 11
0.040718 69
0.000046 17
0.000118 19
0.000108 23
0.000101 31
0.000036 30
0.000028 9
0.000028 29
0.000031 18
0.000032 20
0.000028 40
0.000032 40
0.000030 30
0.040689 20
0.000081 23
0.000163 54
0.000070 69
0.000090 57
0.000077 103
0.000079 31
0.040736 43
0.000051 27
0.000030 30
0.000194 38
0.000136 58
0.000029 44
0.040813 33
0.000053 8
0.000038 14
0.000161 169
0.000124 45
0.040740 38
0.000055 36
0.000163 51
0.000035 8
0.000135 57
0.000038 9
0.000027 51
0.000034 24
0.000031 44
0.000033 72
0.000034 5
0.040810 34
0.000326 74
0.000029 26
0.000026 13
0.000029 44
0.000028 43
0.000077 21
0.040836 19
0.000049 23
0.000044 19
0.000440 217
0.040735 42
0.000117 32
0.000057 39
0.000152 78
0.000033 48
0.000077 40
0.040814 58
0.000047 18
0.000113 17
0.000047 19
0.000032 15
0.000090 22
0.000078 18
0.000061 30
0.000034 9
0.000064 39
0.000084 49
0.000128 86
0.040734 35
0.000047 30
0.000026 5
0.000168 91
0.000096 137
0.040826 35
0.000053 32
0.000042 22
0.000204 22
0.000036 13
0.000068 39
0.000067 39
0.000066 49
0.000056 90
0.040782 20
0.000045 7
0.000042 17
0.000254 23
0.000035 26
0.000087 36
0.000043 11
0.000083 47
0.000089 27
0.000092 19
0.000104 89
0.000066 100
0.000066 24
0.040844 79
0.000042 17
0.000242 22
0.000043 7
0.000041 17
0.000086 15
0.000037 35
0.000081 22
0.000033 26
0.000076 37
0.000031 3
0.000069 5
0.000029 13
0.000035 18
0.000030 32
0.000031 49
0.000034 81
0.000025 4
0.040862 34
0.000051 10
0.000066 23
0.000091 49
0.000071 26
0.000077 49
0.000070 37
0.000037 31
0.000072 81
0.000072 48
0.040741 20
0.000056 7
0.000137 17
0.000106 50
0.000036 22
0.000077 26
0.000042 50
0.000084 38
0.000084 63
0.000043 101
0.000077 4
0.040777 20
0.000057 7
0.000156 32
0.000116 28
0.000106 18
0.000028 27
0.000079 6
0.000032 13
0.000028 50
0.000069 78
0.000066 10
0.040989 98
0.000048 4
0.000046 11
0.000438 216
0.000039 37
0.000159 156
0.040825 27
0.000095 17
0.000158 15
0.000050 35
0.000096 36
0.000084 16
0.000092 53
0.000035 27
0.000033 14
0.000033 31
0.000086 32
0.000064 79
0.040706 27
0.000046 17
0.000035 15
0.000201 71
0.000032 16
0.000087 52
0.000084 36
0.000073 81
0.000036 45
0.000027 30
0.000034 4
0.040767 27
0.000037 10
0.000022 10
0.000187 86
0.000135 124
0.000097 39
0.000036 18
0.000026 18
0.000079 39
0.000030 46
0.000033 42
0.000091 10
0.040786 71
0.000056 35
0.000167 64
0.000094 28
0.000038 5
0.000035 5
0.000085 36
0.000070 40
0.000074 46
0.000039 18
0.040480 9
0.000059 61
0.000012 24
0.000025 8
0.000010 5
0.000033 5
0.000029 36
0.000020 40
0.000021 46
0.000017 40
0.000019 10
0.040863 15
0.000035 5
0.000047 5
0.000104 36
0.000032 40
0.000070 46
0.000027 42
0.000102 46
0.040781 21
0.000056 13
0.000178 30
0.000032 22
0.000034 9
0.000087 38
0.000073 32
0.000056 40
0.000085 46
0.000031 12
0.000070 37
0.040849 91
0.000044 17
0.000024 6
0.000220 15
0.000026 13
0.000073 53
0.000029 9
0.000080 38
0.000033 15
0.000031 18
0.000075 44
0.000030 46
0.000034 46
0.000030 13
0.000030 30
0.000032 4
0.040916 29
0.000056 62
0.000120 36
0.000062 45
0.000057 60
0.000087 52
0.000038 12
0.040838 45
0.000131 108
0.000173 13
0.000033 18
0.000027 29
0.000026 16
0.000030 46
0.000026 14
0.000117 110
0.000028 1
0.040880 25
0.000056 36
0.000350 231
0.000032 49
0.040895 79
0.000045 18
0.000161 17
0.000075 6
0.000096 40
0.000086 14
0.000034 19
0.000030 5
0.000097 36
0.000094 106
0.000100 112
0.000029 3
0.040858 25
0.000059 22
0.000034 14
0.000386 249
0.000028 4
0.040847 45
0.000049 14
0.000164 19
0.000054 10
0.000115 74
0.000084 62
0.000028 52
0.000149 48
0.040800 23
0.000059 36
0.000137 19
0.000049 10
0.000034 12
0.000032 18
0.000087 93
0.000182 83
0.040924 60
0.000042 22
0.000133 13
0.000083 28
0.000092 17
0.000030 22
0.000065 14
0.000026 19
0.000070 10
0.000035 30
0.000079 44
0.000087 62
0.000038 67
0.000077 54
0.040837 46
0.000050 14
0.000041 24
0.000191 35
0.000084 44
0.000092 134
0.000080 55
0.040849 46
0.000049 14
0.000129 19
0.000043 10
0.000101 59
0.000028 15
0.000027 49
0.000025 13
0.000076 123
0.000037 9
0.040783 46
0.000044 14
0.000374 263
0.040867 114
0.000052 10
0.000228 39
0.000105 38
0.000071 17
0.000079 18
0.000048 44
0.000029 62
0.000079 78
0.040822 23
0.000060 22
0.000370 217
0.000030 4
0.040880 22
0.000049 22
0.000043 14
0.000330 241
0.000030 4
0.040767 44
0.000080 14
0.000096 24
0.000080 35
0.000084 93
0.000035 13
0.000031 55
0.000061 23
0.000035 64
0.040894 107
0.000046 16
0.000027 6
0.000258 39
0.000071 14
0.000035 19
0.000081 22
0.000035 18
0.000079 93
0.000037 13
0.000072 144
0.040716 24
0.000052 22
0.000040 14
0.000341 301
0.040809 46
0.000134 43
0.000038 30
0.000375 220
0.040665 16
0.000047 12
0.000244 106
0.000077 93
0.000037 13
0.000034 81
0.000122 4
0.040873 75
0.000059 46
0.000157 4
0.000069 6
0.000029 5
0.000099 57
0.000036 32
0.000092 35
0.000077 93
0.000039 13
0.000072 86
0.041151 10
0.000100 5
0.000028 12
0.000092 40
0.000033 23
0.000259 132
0.000080 68
0.000109 98
0.040864 69
0.000310 27
0.000146 297
0.040738 69
0.000044 23
0.000026 4
0.000254 141
0.000035 106
0.000088 42
0.041056 112
0.000057 16
0.000072 6
0.000032 10
0.000081 52
0.000034 23
0.000087 21
0.000035 17
0.000127 161
0.000071 66
0.040928 28
0.000055 40
0.000085 38
0.000036 30
0.000162 68
0.000090 21
0.000030 26
0.000074 29
0.000077 71
0.000077 20
0.000113 38
0.000038 4
0.040961 20
0.000049 5
0.000045 5
0.000036 29
0.000114 52
0.000032 49
0.000059 11
0.000034 9
0.000034 5
0.000029 4
0.040865 25
0.000084 10
0.000163 95
0.040893 93
0.000052 5
0.000183 29
0.000067 4
0.000087 6
0.000039 10
0.000100 10
0.000066 10
0.000066 17
0.000034 29
0.000120 45
0.040894 26
0.000040 5
0.000202 51
0.040858 26
0.000040 5
0.000027 5
0.000194 17
0.000243 78
0.040723 26
0.000040 5
0.000101 5
0.000105 88
0.000081 10
0.040911 98
0.000154 49
0.000049 10
0.000198 5
0.000031 5
0.000033 44
0.000108 15
0.040811 20
0.000057 5
0.000177 105
0.040982 30
0.000318 96
0.040840 16
0.000050 10
0.000031 5
0.000361 50
0.040736 98
0.000053 17
0.000182 22
0.000128 15
0.000056 5
0.000082 10
0.000029 5
0.000096 12
0.000077 74
0.000116 4
0.040840 26
0.000048 5
0.000167 17
0.000034 32
0.000098 50
0.000035 4
0.040836 20
0.000052 15
0.000028 12
0.000146 32
0.000056 6
0.000083 9
0.040949 20
0.000062 10
0.000038 49
0.000117 12
0.000046 29
0.000087 10
0.040953 81
0.000198 56
0.000030 5
0.000067 10
0.000028 5
0.000071 10
0.000071 17
0.000031 41
0.000060 33
0.040959 16
0.000045 10
0.000104 10
0.000027 5
0.000122 17
0.000033 19
0.000026 4
0.040806 21
0.000048 5
0.000032 5
0.000167 100
0.040886 16
0.000063 15
0.000198 17
0.000043 76
0.000109 10
0.041005 8
0.000051 73
0.000095 17
0.000047 33
0.000107 11
0.000098 15
0.000073 10
0.000147 59
0.040914 15
0.000057 10
0.000045 10
0.000209 85
0.000081 10
0.040658 20
0.000074 10
0.000028 5
0.000018 17
0.000066 70
0.000022 4
0.040825 31
0.000038 27
0.000023 19
0.000149 4
0.040866 81
0.000065 34
0.000171 22
0.000086 15
0.000044 5
0.000030 5
0.000027 5
0.000030 5
0.000029 44
0.000069 12
0.000030 34
0.040832 26
0.000047 5
0.000028 5
0.000225 88
0.000037 10
0.040981 15
0.000049 5
0.000039 5
0.000322 69
0.040715 25
0.000048 5
0.000029 5
0.000206 44
0.000180 51
0.040887 98
0.000111 33
0.000108 16
0.000036 5
0.000030 5
0.000093 15
0.000036 41
0.000075 45
0.040879 16
0.000054 5
0.000035 5
0.000216 10
0.000032 5
0.000035 5
0.000027 12
0.000029 23
0.040942 16
0.000067 10
0.000049 15
0.000087 12
0.000098 78
0.040819 16
0.000045 5
0.000105 15
0.000033 44
0.000076 50
0.000069 4
0.040872 98
0.000057 17
0.000047 22
0.000230 15
0.000034 5
0.000083 22
0.000037 32
0.000073 6
0.000029 9
0.040902 15
0.000128 5
0.000035 5
0.000059 10
0.000083 56
0.000031 29
0.000024 6
0.000024 4
0.040902 25
0.000048 5
0.000035 5
0.000169 91
0.040836 26
0.000050 5
0.000262 50
0.040933 98
0.000055 33
0.000134 6
0.000068 10
0.000032 5
0.000028 5
0.000085 10
0.000037 17
0.000074 74
0.000064 4
0.040863 26
0.000126 5
0.000207 103
0.040824 25
0.000047 5
0.000168 5
0.000042 44
0.000081 15
0.040896 20
0.000042 5
0.000161 5
0.000042 17
0.000080 73
0.000075 10
0.040923 98
0.000042 17
0.000036 16
0.000213 11
0.000070 10
0.000090 10
0.000035 5
0.000070 17
0.000060 29
0.000057 45
0.040997 16
0.000047 5
0.000064 10
0.000099 15
0.000035 12
0.000025 23
0.040918 16
0.000058 10
0.000043 5
0.000209 22
0.000043 44
0.000030 30
0.000030 4
0.040813 21
0.000055 5
0.000049 10
0.000100 88
0.000055 10
0.040906 98
0.000090 33
0.000397 95
0.040893 15
0.000057 10
0.000237 10
0.000054 56
0.000047 29
0.000054 6
0.000030 4
0.040924 15
0.000029 5
0.000020 10
0.000048 22
0.000038 70
0.000030 4
0.040891 26
0.000273 55
0.040864 93
0.000044 22
0.000256 22
0.000292 79
0.000047 12
0.000035 34
0.040979 21
0.000050 5
0.000135 10
0.000040 12
0.000102 82
0.000038 4
0.040850 20
0.000040 10
0.000031 5
0.000178 59
0.040889 15
0.000051 5
0.000039 5
0.000415 105
0.040730 98
0.000050 12
0.000122 21
0.000095 11
0.000091 10
0.000033 5
0.000025 5
0.000089 22
0.000035 29
0.000108 45
0.040857 16
0.000063 10
0.000037 10
0.000168 45
0.040797 11
0.000062 5
0.000095 10
0.000120 10
0.000043 17
0.000067 74
0.000063 4
0.040909 16
0.000073 5
0.000051 10
0.000211 93
0.000072 10
0.040918 115
0.000049 16
0.000417 95
0.040768 20
0.000042 5
0.000189 10
0.000188 91
0.000037 4
0.040863 25
0.000046 5
0.000161 5
0.000069 17
0.000093 74
0.040878 26
0.000044 5
0.000211 15
0.000086 35
0.040914 98
0.000052 17
0.000169 16
0.000085 6
0.000034 5
0.000023 10
0.000093 10
0.000064 10
0.000070 56
0.000035 34
0.040962 16
0.000048 10
0.000033 5
0.000221 49
0.000239 54
0.040774 15
0.000065 10
0.000040 22
0.000211 38
0.000071 9
0.040946 25
0.000148 10
0.000037 56
0.000116 39
0.040927 110
0.000103 5
0.000066 16
0.000071 11
0.000072 5
0.000031 5
0.000036 5
0.000082 5
0.000079 96
0.040910 16
0.000048 5
0.000026 5
0.000223 15
0.000086 36
0.000031 4
0.040999 31
0.000058 5
0.000042 49
0.000106 46
0.040945 31
0.000049 5
0.000138 56
0.000050 32
0.000037 6
0.000032 4
0.040907 98
0.000059 33
0.000244 16
0.000035 5
0.000031 5
0.000083 22
0.000037 32
0.000078 15
0.040998 15
0.000052 10
0.000120 21
0.000041 44
0.000030 29
0.000077 10
0.040666 35
0.000021 5
0.000025 52
0.000111 33
0.040637 16
0.000042 5
0.000131 5
0.000036 10
0.000094 44
0.040827 115
0.000037 16
0.000058 6
0.000028 5
0.000026 5
0.000225 66
0.000092 43
0.040950 26
0.000373 102
0.040788 20
0.000042 10
0.000385 60
0.040686 25
0.000096 10
0.000034 7
0.000096 70
0.000071 10
0.040920 93
0.000041 5
0.000025 17
0.000028 11
0.000171 25
0.000235 98
0.040892 26
0.000071 10
0.000193 40
0.040901 31
0.000126 15
0.000064 32
0.000100 41
0.040877 26
0.000041 10
0.000232 82
0.040857 112
0.000046 14
0.000219 40
0.000074 10
0.000028 29
0.000071 11
0.000028 4
0.040970 34
0.000086 10
0.000032 5
0.000025 28
0.000223 42
0.040887 25
0.000043 5
0.000311 78
0.040741 26
0.000041 5
0.000181 24
0.000085 14
0.040901 81
0.000154 38
0.000080 11
0.000084 10
0.000034 5
0.000032 5
0.000034 5
0.000029 5
0.000063 31
0.000063 34
0.040892 26
0.000337 80
0.040922 30
0.000047 5
0.000130 5
0.000055 29
0.000116 9
0.040924 22
0.000056 5
0.000033 10
0.000196 68
0.040785 90
0.000059 22
0.000182 10
0.000075 5
0.000053 5
0.000036 10
0.000142 29
0.000081 30
0.040754 31
0.000055 5
0.000085 10
0.000040 14
0.000117 4
0.040805 26
0.000133 10
0.000111 30
0.000029 25
0.000071 4
0.040791 26
0.000048 5
0.000036 5
0.000408 58
0.040684 83
0.000080 11
0.000194 14
0.000081 10
0.000078 5
0.000033 5
0.000138 37
0.040861 25
0.000141 10
0.000118 41
0.000077 10
0.040872 25
0.000050 5
0.000131 52
0.040941 20
0.000038 5
0.000065 5
0.000033 5
0.000068 5
0.000029 5
0.000100 26
0.040862 71
0.000061 6
0.000187 12
0.000061 5
0.000108 15
0.000074 10
0.000071 19
0.000062 19
0.000056 4
0.040876 26
0.000047 5
0.000037 5
0.000361 46
0.040567 25
0.000070 10
0.000193 16
0.000036 6
0.000035 9
0.040981 25
0.000396 49
0.040805 79
0.000048 5
0.000037 14
0.000197 10
0.000122 15
0.000042 7
0.000068 18
0.040812 26
0.000078 10
0.000162 5
0.000033 5
0.000045 15
0.040733 11
0.000050 5
0.000039 5
0.000319 50
0.040586 23
0.000055 10
0.000042 10
0.000159 34
0.040789 66
0.000055 5
0.000151 10
0.000126 15
0.000099 16
0.000054 9
0.040855 5
0.000082 10
0.000035 10
0.000179 27
0.000030 10
0.040754 20
0.000048 5
0.000027 5
0.000376 28
0.040700 26
0.000078 10
0.000148 10
0.000070 11
0.040907 68
0.000056 5
0.000123 10
0.000135 22
0.000095 11
0.040646 16
0.000049 10
0.000166 15
0.000095 6
0.000036 10
0.040874 19
0.000055 21
0.000205 5
0.000233 38
0.040837 30
0.000298 24
0.040782 58
0.000041 5
0.000201 30
0.000103 14
0.040783 25
0.000039 5
0.000037 5
0.000212 10
0.000031 5
0.000026 4
0.040807 25
0.000045 5
0.000178 10
0.000111 14
0.040833 15
0.000055 5
0.000175 5
0.000115 10
0.000036 10
0.000080 9
0.040809 64
0.000041 5
0.000187 30
0.000044 4
0.040935 15
0.000139 15
0.000074 10
0.000068 5
0.000034 9
0.040809 25
0.000044 5
0.000035 5
0.000171 15
0.000076 4
0.040744 20
0.000039 5
0.000113 5
0.000034 10
0.000081 26
0.040831 65
0.000067 14
0.000154 29
0.040807 12
0.000073 11
0.000187 5
0.000158 5
0.000042 5
0.000030 5
0.000039 10
0.000028 4
0.040774 11
0.000046 6
0.000220 25
0.000093 14
0.040814 27
0.000076 10
0.000347 31
0.040646 57
0.000324 35
0.000030 4
0.040797 11
0.000048 6
0.000029 5
0.000091 5
0.000101 10
0.000034 5
0.000026 5
0.000032 5
0.000029 4
0.040784 11
0.000326 45
0.040791 27
0.000041 5
0.000027 5
0.000371 19
0.040628 55
0.000045 5
0.000213 19
0.000087 10
0.000028 5
0.000064 10
0.000026 4
0.040716 25
0.000040 5
0.000230 24
0.040657 23
0.000041 5
0.000026 5
0.000173 10
0.000081 9
0.040836 15
0.000057 10
0.000194 19
0.040747 43
0.000046 5
0.000148 10
0.000088 10
0.000035 9
0.040766 39
0.000051 11
0.000224 14
0.040625 22
0.000055 6
0.000053 6
0.000081 5
0.000033 5
0.000029 9
0.040708 29
0.000090 6
0.000155 25
0.040720 51
0.000044 6
0.000088 6
0.000043 10
0.000102 9
0.040713 29
0.000050 6
0.000037 5
0.000152 14
0.040650 35
0.000126 5
0.000086 14
0.040723 29
0.000048 6
0.000135 15
0.000066 4
0.040664 53
0.000050 11
0.000026 5
0.000151 9
0.040589 23
0.000056 6
0.000041 11
0.000193 5
0.000032 9
0.040765 35
0.000051 5
0.000067 5
0.000110 9
0.040595 28
0.000038 11
0.000018 5
0.000105 9
0.040664 42
0.000046 6
0.000139 6
0.000053 10
0.000111 9
0.040587 22
0.000179 12
0.000130 19
0.040747 22
0.000094 12
0.000171 19
0.040673 34
0.000078 10
0.000243 9
0.040691 23
0.000040 15
0.000254 6
0.000040 6
0.000088 19
0.040713 21
0.000051 6
0.000042 11
0.000160 14
0.040734 24
0.000044 16
0.000160 5
0.000308 4
0.040501 18
0.000057 6
0.000028 11
0.000254 18
0.040765 40
0.000052 10
0.000038 10
0.000146 7
0.040687 11
0.000205 31
0.000081 6
0.040668 11
0.000055 6
0.000180 16
0.000116 23
0.040738 11
0.000078 12
0.000178 9
0.000088 9
0.000026 11
0.040748 1
0.000110 8
0.000161 27
0.000163 20
0.040582 1
0.000088 8
0.000218 18
0.000191 12
0.040586 14
0.000107 10
0.000084 4
0.040864 4
0.000313 3
0.081335 50
0.001176 80
0.000207 59
0.947733 1
0.943912 1
0.962024 1
0.494132 1
0.199621 2
0.000291 20
0.000205 48
1.407772 1
0.135960 1
0.135986 2
0.003781 402
0.000661 20
0.000245 48
1.188926 1
0.175764 1
0.126529 1
0.232043 1
0.271940 2
0.000248 76
0.000309 80
0.000215 59
1.311267 1
0.112010 1
0.143890 2
0.003370 205
0.000522 80
0.000373 59
1.083881 1
0.152063 1
0.135948 1
0.112324 1
0.159677 1
0.151945 2
0.003280 11
0.000752 80
0.000214 59
0.548223 1
0.154603 1
0.236887 1
0.160167 1
0.175857 1
1.037825 1
0.467855 1
0.190402 1
0.192999 1
0.172449 1
0.146601 1
0.407878 2
0.291982 6
0.004868 150
0.004946 144
0.004905 156
0.004819 129
0.004799 112
0.004891 131
0.010363 160
0.006222 126
0.004934 136
0.005125 98
0.004898 98
0.004976 98
0.004974 98
0.004909 98
0.005044 39
0.002632 80
0.000064 59
1.152698 1
0.183946 1
0.136041 1
0.327955 1
0.119946 1
0.175881 2
0.003217 11
0.000635 80
0.000246 59
0.932166 1
0.246997 1
0.129070 1
0.215867 1
0.167701 1
0.384209 1
0.744108 1
0.144087 1
0.127601 1
0.122327 1
0.141861 1
0.194865 1
0.149153 1
0.144024 1
0.128618 1
0.111498 1
0.164979 1
0.090984 1
0.151708 1
0.049607 1
0.190701 1
0.134028 1
0.057824 1
0.143271 1
0.160711 1
0.160086 1
0.144194 1
0.151591 1
0.104182 1
0.200038 1
0.575998 1
0.327872 1
0.336039 2
0.000208 2
2.167967 2
0.000138 2
1.888058 2
0.000085 2
0.000218 80
0.000088 59
2.544804 6
